<?xml version="1.0" encoding="UTF-8"?>
<testsuite xmlns:xsi="http://www.w3.org/2001/XMLSchema-instance" xsi:noNamespaceSchemaLocation="https://maven.apache.org/surefire/maven-surefire-plugin/xsd/surefire-test-report.xsd" version="3.0.2" name="fr.isen.java2.db.daos.MovieDaoTestCase" time="0.247" tests="3" errors="0" skipped="0" failures="3">
  <properties>
[...]
</properties>
  <testcase name="shouldListMoviesByGenre" classname="fr.isen.java2.db.daos.MovieDaoTestCase" time="0.087">
    <failure message="Not yet implemented" type="java.lang.AssertionError"><![CDATA[java.lang.AssertionError: Not yet implemented
	at fr.isen.java2.db.daos.MovieDaoTestCase.shouldListMoviesByGenre(MovieDaoTestCase.java:47)
	at java.base/java.lang.reflect.Method.invoke(Method.java:580)
	at java.base/java.util.ArrayList.forEach(ArrayList.java:1597)
	at java.base/java.util.ArrayList.forEach(ArrayList.java:1597)
]]></failure>
  </testcase>
  <testcase name="shouldListMovies" classname="fr.isen.java2.db.daos.MovieDaoTestCase" time="0.08">
    <failure message="Not yet implemented" type="java.lang.AssertionError"><![CDATA[java.lang.AssertionError: Not yet implemented
	at fr.isen.java2.db.daos.MovieDaoTestCase.shouldListMovies(MovieDaoTestCase.java:42)
	at java.base/java.lang.reflect.Method.invoke(Method.java:580)
	at java.base/java.util.ArrayList.forEach(ArrayList.java:1597)
	at java.base/java.util.ArrayList.forEach(ArrayList.java:1597)
]]></failure>
  </testcase>
  <testcase name="shouldAddMovie" classname="fr.isen.java2.db.daos.MovieDaoTestCase" time="0.079">
    <failure message="Not yet implemented" type="java.lang.AssertionError"><![CDATA[java.lang.AssertionError: Not yet implemented
	at fr.isen.java2.db.daos.MovieDaoTestCase.shouldAddMovie(MovieDaoTestCase.java:52)
	at java.base/java.lang.reflect.Method.invoke(Method.java:580)
	at java.base/java.util.ArrayList.forEach(ArrayList.java:1597)
	at java.base/java.util.ArrayList.forEach(ArrayList.java:1597)
]]></failure>
  </testcase>
</testsuite>